Blocpost/app/build/intermediates/manifest_merge_blame_file/debug/manifest-merger-blame-debug-report.txt
1<?xml version="1.0" encoding="utf-8"?>
2<manifest xmlns:android="http://schemas.android.com/apk/res/android"
3    package="com.example.ejemploretrofit"
4    android:versionCode="1"
5    android:versionName="1.0" >
6
7    <uses-sdk
8        android:minSdkVersion="22"
8-->src\main\AndroidManifest.xml
9        android:targetSdkVersion="30" />
9-->src\main\AndroidManifest.xml
10
11    <uses-permission android:name="android.permission.CAMERA" />
11-->src\main\AndroidManifest.xml:5:5-65
11-->src\main\AndroidManifest.xml:5:22-62
12    <uses-permission android:name="android.permission.WRITE_EXTERNAL_STORAGE" />
12-->src\main\AndroidManifest.xml:6:5-81
12-->src\main\AndroidManifest.xml:6:22-78
13    <uses-permission android:name="android.permission.READ_EXTERNAL_STORAGE" />
13-->src\main\AndroidManifest.xml:7:5-80
13-->src\main\AndroidManifest.xml:7:22-77
14    <uses-permission android:name="android.permission.WRITE_INTERNAL_STORAGE" />
14-->src\main\AndroidManifest.xml:8:5-81
14-->src\main\AndroidManifest.xml:8:22-78
15    <uses-permission android:name="android.permission.READ_INTERNAL_STORAGE" />
15-->src\main\AndroidManifest.xml:9:5-80
15-->src\main\AndroidManifest.xml:9:22-77
16    <uses-permission android:name="android.permission.INTERNET" />
16-->src\main\AndroidManifest.xml:10:5-66
16-->src\main\AndroidManifest.xml:10:22-64
17
18    <application
18-->src\main\AndroidManifest.xml:11:5-28:19
19        android:allowBackup="true"
19-->src\main\AndroidManifest.xml:12:9-35
20        android:appComponentFactory="androidx.core.app.CoreComponentFactory"
20-->[androidx.core:core:1.6.0] AndroidManifest.xml:24:18-86
21        android:debuggable="true"
22        android:icon="@mipmap/ic_launcher"
22-->src\main\AndroidManifest.xml:13:9-43
23        android:label="@string/app_name"
23-->src\main\AndroidManifest.xml:14:9-41
24        android:roundIcon="@mipmap/ic_launcher_round"
24-->src\main\AndroidManifest.xml:15:9-54
25        android:supportsRtl="true"
25-->src\main\AndroidManifest.xml:16:9-35
26        android:testOnly="true"
27        android:theme="@style/Theme.EjemploRetrofit"
27-->src\main\AndroidManifest.xml:17:9-53
28        android:usesCleartextTraffic="true" >
28-->src\main\AndroidManifest.xml:18:9-44
29        <activity
29-->src\main\AndroidManifest.xml:19:9-20:67
30            android:name="com.example.ejemploretrofit.addPostActivity"
30-->src\main\AndroidManifest.xml:19:19-50
31            android:parentActivityName="com.example.ejemploretrofit.MainActivity" />
31-->src\main\AndroidManifest.xml:20:13-55
32        <activity android:name="com.example.ejemploretrofit.MainActivity" >
32-->src\main\AndroidManifest.xml:21:9-27:20
32-->src\main\AndroidManifest.xml:21:19-47
33            <intent-filter>
33-->src\main\AndroidManifest.xml:22:13-26:29
34                <action android:name="android.intent.action.MAIN" />
34-->src\main\AndroidManifest.xml:23:17-69
34-->src\main\AndroidManifest.xml:23:25-66
35
36                <category android:name="android.intent.category.LAUNCHER" />
36-->src\main\AndroidManifest.xml:25:17-77
36-->src\main\AndroidManifest.xml:25:27-74
37            </intent-filter>
38        </activity>
39        <activity android:name="com.vmadalin.easypermissions.components.TestActivity" />
39-->[com.vmadalin:easypermissions-ktx:1.0.0] AndroidManifest.xml:13:9-89
39-->[com.vmadalin:easypermissions-ktx:1.0.0] AndroidManifest.xml:13:19-86
40        <activity android:name="com.vmadalin.easypermissions.components.TestAppCompatActivity" />
40-->[com.vmadalin:easypermissions-ktx:1.0.0] AndroidManifest.xml:14:9-98
40-->[com.vmadalin:easypermissions-ktx:1.0.0] AndroidManifest.xml:14:19-95
41        <activity android:name="com.vmadalin.easypermissions.components.TestSupportFragmentActivity" />
41-->[com.vmadalin:easypermissions-ktx:1.0.0] AndroidManifest.xml:15:9-104
41-->[com.vmadalin:easypermissions-ktx:1.0.0] AndroidManifest.xml:15:19-101
42    </application>
43
44</manifest>